[0.571s] Invoking command in '/home/lam/ros2_ws/src/cam_sub': DEBUGINFOD_URLS=https://debuginfod.ubuntu.com PYTHONPATH=/home/lam/ros2_ws/build/cam_sub/prefix_override:/usr/lib/python3/dist-packages/colcon_core/task/python/colcon_distutils_commands:/home/lam/ros2_ws/install/cam_sub/lib/python3.12/site-packages:${PYTHONPATH} /usr/bin/python3 -W ignore:setup.py install is deprecated -W ignore:easy_install command is deprecated setup.py egg_info --egg-base ../../build/cam_sub build --build-base /home/lam/ros2_ws/build/cam_sub/build install --record /home/lam/ros2_ws/build/cam_sub/install.log --single-version-externally-managed install_data
[0.762s] running egg_info
[0.775s] writing ../../build/cam_sub/cam_sub.egg-info/PKG-INFO
[0.775s] writing dependency_links to ../../build/cam_sub/cam_sub.egg-info/dependency_links.txt
[0.776s] writing entry points to ../../build/cam_sub/cam_sub.egg-info/entry_points.txt
[0.776s] writing requirements to ../../build/cam_sub/cam_sub.egg-info/requires.txt
[0.776s] writing top-level names to ../../build/cam_sub/cam_sub.egg-info/top_level.txt
[0.805s] reading manifest file '../../build/cam_sub/cam_sub.egg-info/SOURCES.txt'
[0.805s] adding license file 'LICENSE'
[0.805s] writing manifest file '../../build/cam_sub/cam_sub.egg-info/SOURCES.txt'
[0.805s] running build
[0.805s] running build_py
[0.806s] running install
[0.811s] running install_lib
[0.826s] running install_data
[0.826s] running install_egg_info
[0.840s] removing '/home/lam/ros2_ws/install/cam_sub/lib/python3.12/site-packages/cam_sub-0.0.0-py3.12.egg-info' (and everything under it)
[0.841s] Copying ../../build/cam_sub/cam_sub.egg-info to /home/lam/ros2_ws/install/cam_sub/lib/python3.12/site-packages/cam_sub-0.0.0-py3.12.egg-info
[0.841s] running install_scripts
[0.933s] Installing cam_sub script to /home/lam/ros2_ws/install/cam_sub/lib/cam_sub
[0.933s] writing list of installed files to '/home/lam/ros2_ws/build/cam_sub/install.log'
[0.954s] Invoked command in '/home/lam/ros2_ws/src/cam_sub' returned '0': DEBUGINFOD_URLS=https://debuginfod.ubuntu.com PYTHONPATH=/home/lam/ros2_ws/build/cam_sub/prefix_override:/usr/lib/python3/dist-packages/colcon_core/task/python/colcon_distutils_commands:/home/lam/ros2_ws/install/cam_sub/lib/python3.12/site-packages:${PYTHONPATH} /usr/bin/python3 -W ignore:setup.py install is deprecated -W ignore:easy_install command is deprecated setup.py egg_info --egg-base ../../build/cam_sub build --build-base /home/lam/ros2_ws/build/cam_sub/build install --record /home/lam/ros2_ws/build/cam_sub/install.log --single-version-externally-managed install_data
