running egg_info
creating ../../build/cam_sub/cam_sub.egg-info
writing ../../build/cam_sub/cam_sub.egg-info/PKG-INFO
writing dependency_links to ../../build/cam_sub/cam_sub.egg-info/dependency_links.txt
writing entry points to ../../build/cam_sub/cam_sub.egg-info/entry_points.txt
writing requirements to ../../build/cam_sub/cam_sub.egg-info/requires.txt
writing top-level names to ../../build/cam_sub/cam_sub.egg-info/top_level.txt
writing manifest file '../../build/cam_sub/cam_sub.egg-info/SOURCES.txt'
reading manifest file '../../build/cam_sub/cam_sub.egg-info/SOURCES.txt'
adding license file 'LICENSE'
writing manifest file '../../build/cam_sub/cam_sub.egg-info/SOURCES.txt'
running build
running build_py
creating /home/lam/ros2_ws/build/cam_sub/build
creating /home/lam/ros2_ws/build/cam_sub/build/lib
creating /home/lam/ros2_ws/build/cam_sub/build/lib/cam_sub
copying cam_sub/__init__.py -> /home/lam/ros2_ws/build/cam_sub/build/lib/cam_sub
copying cam_sub/cam_sub.py -> /home/lam/ros2_ws/build/cam_sub/build/lib/cam_sub
running install
running install_lib
creating /home/lam/ros2_ws/install/cam_sub/lib/python3.12/site-packages/cam_sub
copying /home/lam/ros2_ws/build/cam_sub/build/lib/cam_sub/__init__.py -> /home/lam/ros2_ws/install/cam_sub/lib/python3.12/site-packages/cam_sub
copying /home/lam/ros2_ws/build/cam_sub/build/lib/cam_sub/cam_sub.py -> /home/lam/ros2_ws/install/cam_sub/lib/python3.12/site-packages/cam_sub
byte-compiling /home/lam/ros2_ws/install/cam_sub/lib/python3.12/site-packages/cam_sub/__init__.py to __init__.cpython-312.pyc
byte-compiling /home/lam/ros2_ws/install/cam_sub/lib/python3.12/site-packages/cam_sub/cam_sub.py to cam_sub.cpython-312.pyc
running install_data
creating /home/lam/ros2_ws/install/cam_sub/share/ament_index
creating /home/lam/ros2_ws/install/cam_sub/share/ament_index/resource_index
creating /home/lam/ros2_ws/install/cam_sub/share/ament_index/resource_index/packages
copying resource/cam_sub -> /home/lam/ros2_ws/install/cam_sub/share/ament_index/resource_index/packages
copying package.xml -> /home/lam/ros2_ws/install/cam_sub/share/cam_sub
running install_egg_info
Copying ../../build/cam_sub/cam_sub.egg-info to /home/lam/ros2_ws/install/cam_sub/lib/python3.12/site-packages/cam_sub-0.0.0-py3.12.egg-info
running install_scripts
Installing cam_sub script to /home/lam/ros2_ws/install/cam_sub/lib/cam_sub
writing list of installed files to '/home/lam/ros2_ws/build/cam_sub/install.log'
