[0.742s] Invoking command in '/home/lam/ros2_ws/src/cam_sub': DEBUGINFOD_URLS=https://debuginfod.ubuntu.com PYTHONPATH=/home/lam/ros2_ws/build/cam_sub/prefix_override:/usr/lib/python3/dist-packages/colcon_core/task/python/colcon_distutils_commands:/home/lam/ros2_ws/install/cam_sub/lib/python3.12/site-packages:${PYTHONPATH} /usr/bin/python3 -W ignore:setup.py install is deprecated -W ignore:easy_install command is deprecated setup.py egg_info --egg-base ../../build/cam_sub build --build-base /home/lam/ros2_ws/build/cam_sub/build install --record /home/lam/ros2_ws/build/cam_sub/install.log --single-version-externally-managed install_data
[0.947s] running egg_info
[0.964s] writing ../../build/cam_sub/cam_sub.egg-info/PKG-INFO
[0.975s] writing dependency_links to ../../build/cam_sub/cam_sub.egg-info/dependency_links.txt
[0.975s] writing entry points to ../../build/cam_sub/cam_sub.egg-info/entry_points.txt
[0.975s] writing requirements to ../../build/cam_sub/cam_sub.egg-info/requires.txt
[0.975s] writing top-level names to ../../build/cam_sub/cam_sub.egg-info/top_level.txt
[1.011s] reading manifest file '../../build/cam_sub/cam_sub.egg-info/SOURCES.txt'
[1.012s] adding license file 'LICENSE'
[1.012s] writing manifest file '../../build/cam_sub/cam_sub.egg-info/SOURCES.txt'
[1.012s] running build
[1.012s] running build_py
[1.013s] running install
[1.019s] running install_lib
[1.038s] running install_data
[1.039s] running install_egg_info
[1.060s] removing '/home/lam/ros2_ws/install/cam_sub/lib/python3.12/site-packages/cam_sub-0.0.0-py3.12.egg-info' (and everything under it)
[1.060s] Copying ../../build/cam_sub/cam_sub.egg-info to /home/lam/ros2_ws/install/cam_sub/lib/python3.12/site-packages/cam_sub-0.0.0-py3.12.egg-info
[1.061s] running install_scripts
[1.178s] Installing cam_sub script to /home/lam/ros2_ws/install/cam_sub/lib/cam_sub
[1.178s] writing list of installed files to '/home/lam/ros2_ws/build/cam_sub/install.log'
[1.201s] Invoked command in '/home/lam/ros2_ws/src/cam_sub' returned '0': DEBUGINFOD_URLS=https://debuginfod.ubuntu.com PYTHONPATH=/home/lam/ros2_ws/build/cam_sub/prefix_override:/usr/lib/python3/dist-packages/colcon_core/task/python/colcon_distutils_commands:/home/lam/ros2_ws/install/cam_sub/lib/python3.12/site-packages:${PYTHONPATH} /usr/bin/python3 -W ignore:setup.py install is deprecated -W ignore:easy_install command is deprecated setup.py egg_info --egg-base ../../build/cam_sub build --build-base /home/lam/ros2_ws/build/cam_sub/build install --record /home/lam/ros2_ws/build/cam_sub/install.log --single-version-externally-managed install_data
