[0.692s] Invoking command in '/home/lam/ros2_ws/src/cam_sub': DEBUGINFOD_URLS=https://debuginfod.ubuntu.com PYTHONPATH=/home/lam/ros2_ws/build/cam_sub/prefix_override:/usr/lib/python3/dist-packages/colcon_core/task/python/colcon_distutils_commands:/home/lam/ros2_ws/install/cam_sub/lib/python3.12/site-packages:${PYTHONPATH} /usr/bin/python3 -W ignore:setup.py install is deprecated -W ignore:easy_install command is deprecated setup.py egg_info --egg-base ../../build/cam_sub build --build-base /home/lam/ros2_ws/build/cam_sub/build install --record /home/lam/ros2_ws/build/cam_sub/install.log --single-version-externally-managed install_data
[0.885s] running egg_info
[0.898s] writing ../../build/cam_sub/cam_sub.egg-info/PKG-INFO
[0.908s] writing dependency_links to ../../build/cam_sub/cam_sub.egg-info/dependency_links.txt
[0.908s] writing entry points to ../../build/cam_sub/cam_sub.egg-info/entry_points.txt
[0.908s] writing requirements to ../../build/cam_sub/cam_sub.egg-info/requires.txt
[0.908s] writing top-level names to ../../build/cam_sub/cam_sub.egg-info/top_level.txt
[0.937s] reading manifest file '../../build/cam_sub/cam_sub.egg-info/SOURCES.txt'
[0.938s] adding license file 'LICENSE'
[0.938s] writing manifest file '../../build/cam_sub/cam_sub.egg-info/SOURCES.txt'
[0.938s] running build
[0.938s] running build_py
[0.939s] running install
[0.944s] running install_lib
[0.959s] running install_data
[0.959s] running install_egg_info
[0.974s] removing '/home/lam/ros2_ws/install/cam_sub/lib/python3.12/site-packages/cam_sub-0.0.0-py3.12.egg-info' (and everything under it)
[0.974s] Copying ../../build/cam_sub/cam_sub.egg-info to /home/lam/ros2_ws/install/cam_sub/lib/python3.12/site-packages/cam_sub-0.0.0-py3.12.egg-info
[0.975s] running install_scripts
[1.069s] Installing cam_sub script to /home/lam/ros2_ws/install/cam_sub/lib/cam_sub
[1.069s] writing list of installed files to '/home/lam/ros2_ws/build/cam_sub/install.log'
[1.091s] Invoked command in '/home/lam/ros2_ws/src/cam_sub' returned '0': DEBUGINFOD_URLS=https://debuginfod.ubuntu.com PYTHONPATH=/home/lam/ros2_ws/build/cam_sub/prefix_override:/usr/lib/python3/dist-packages/colcon_core/task/python/colcon_distutils_commands:/home/lam/ros2_ws/install/cam_sub/lib/python3.12/site-packages:${PYTHONPATH} /usr/bin/python3 -W ignore:setup.py install is deprecated -W ignore:easy_install command is deprecated setup.py egg_info --egg-base ../../build/cam_sub build --build-base /home/lam/ros2_ws/build/cam_sub/build install --record /home/lam/ros2_ws/build/cam_sub/install.log --single-version-externally-managed install_data
